[name = Marciano Machado Saraiva, username = saraiva] >>> REQUEST IMAGE IN 2015-06-14 05:48:18.726413
[name = Marciano Machado Saraiva, username = saraiva] >>> REQUEST IMAGE IN 2015-06-14 06:38:54.812930
[name = Marciano Machado Saraiva, username = saraiva] >>> REQUEST IMAGE IN 2015-06-14 06:41:40.184692
[name = Marciano Machado Saraiva, username = saraiva] >>> REQUEST KEYBOARD IN 2015-06-14 06:48:53.556277
[name = Marciano Machado Saraiva, username = saraiva] >>> REQUEST IMAGE IN 2015-06-14 06:48:53.649728
[name = Marciano Machado Saraiva, username = saraiva] >>> REQUEST AUDIO IN 2015-06-14 07:03:27.612895
[name = Marciano Machado Saraiva, username = saraiva] >>> REQUEST IMAGE IN 2015-06-14 07:03:28.507089
[name = Marciano Machado Saraiva, username = saraiva] >>> REQUEST KEYBOARD IN 2015-06-14 07:03:28.506904
[name = Marciano Machado Saraiva, username = saraiva] >>> REQUEST IMAGE IN 2015-06-14 16:48:58.842349
[name = Marciano Machado Saraiva, username = saraiva] >>> REQUEST IMAGE IN 2015-06-14 16:50:19.793287
[name = Marciano Machado Saraiva, username = saraiva] >>> REQUEST IMAGE IN 2015-06-14 16:50:21.747399
[name = Marciano Machado Saraiva, username = saraiva] >>> REQUEST IMAGE IN 2015-06-14 16:51:46.602257
[name = Marciano Machado Saraiva, username = saraiva] >>> REQUEST IMAGE IN 2015-06-14 16:51:48.751606
[name = Marciano Machado Saraiva, username = saraiva] >>> REQUEST IMAGE IN 2015-06-14 16:55:54.617015
[name = Marciano Machado Saraiva, username = saraiva] >>> REQUEST IMAGE IN 2015-06-14 17:01:28.437564
[name = Marciano Machado Saraiva, username = saraiva] >>> REQUEST IMAGE IN 2015-06-14 17:02:07.434948
[name = Marciano Machado Saraiva, username = saraiva] >>> REQUEST IMAGE IN 2015-06-14 17:04:03.680142
[name = Marciano Machado Saraiva, username = saraiva] >>> REQUEST IMAGE IN 2015-06-14 17:04:53.785531
[name = Marciano Machado Saraiva, username = saraiva] >>> REQUEST IMAGE IN 2015-06-14 17:05:52.711956
[name = Marciano Machado Saraiva, username = saraiva] >>> REQUEST IMAGE IN 2015-06-14 17:07:05.355397
[name = Marciano Machado Saraiva, username = saraiva] >>> REQUEST IMAGE IN 2015-06-14 17:07:46.878472
[name = Marciano Machado Saraiva, username = saraiva] >>> REQUEST IMAGE IN 2015-06-14 17:08:52.247001
[name = Marciano Machado Saraiva, username = saraiva] >>> REQUEST IMAGE IN 2015-06-14 17:10:59.854546
[name = Marciano Machado Saraiva, username = saraiva] >>> REQUEST IMAGE IN 2015-06-14 17:17:06.494734
[name = Marciano Machado Saraiva, username = saraiva] >>> REQUEST IMAGE IN 2015-06-14 17:19:53.909964
[name = Marciano Machado Saraiva, username = saraiva] >>> REQUEST IMAGE IN 2015-06-14 17:24:56.432251
[name = Marciano Machado Saraiva, username = saraiva] >>> REQUEST IMAGE IN 2015-06-14 17:24:58.390122
[name = Marciano Machado Saraiva, username = saraiva] >>> REQUEST IMAGE IN 2015-06-14 17:26:16.632658
[name = Marciano Machado Saraiva, username = saraiva] >>> REQUEST IMAGE IN 2015-06-14 17:26:17.714586
[name = Marciano Machado Saraiva, username = saraiva] >>> REQUEST IMAGE IN 2015-06-14 17:26:18.758969
[name = Marciano Machado Saraiva, username = saraiva] >>> REQUEST IMAGE IN 2015-06-14 17:26:19.804118
[name = Marciano Machado Saraiva, username = saraiva] >>> REQUEST IMAGE IN 2015-06-14 17:26:20.849200
[name = Marciano Machado Saraiva, username = saraiva] >>> REQUEST IMAGE IN 2015-06-14 17:26:21.897315
[name = Marciano Machado Saraiva, username = saraiva] >>> REQUEST IMAGE IN 2015-06-14 17:26:22.941462
[name = Marciano Machado Saraiva, username = saraiva] >>> REQUEST IMAGE IN 2015-06-14 17:26:23.988071
[name = Marciano Machado Saraiva, username = saraiva] >>> REQUEST IMAGE IN 2015-06-14 17:26:25.029594
[name = Marciano Machado Saraiva, username = saraiva] >>> REQUEST IMAGE IN 2015-06-14 17:26:26.077716
[name = Marciano Machado Saraiva, username = saraiva] >>> REQUEST IMAGE IN 2015-06-14 17:26:27.117981
[name = Marciano Machado Saraiva, username = saraiva] >>> REQUEST IMAGE IN 2015-06-14 17:27:52.228775
[name = Marciano Machado Saraiva, username = saraiva] >>> REQUEST IMAGE IN 2015-06-14 17:27:53.263418
[name = Marciano Machado Saraiva, username = saraiva] >>> REQUEST IMAGE IN 2015-06-14 17:27:54.301875
[name = Marciano Machado Saraiva, username = saraiva] >>> REQUEST IMAGE IN 2015-06-14 17:27:55.340531
[name = Marciano Machado Saraiva, username = saraiva] >>> REQUEST IMAGE IN 2015-06-14 17:27:56.378330
[name = Marciano Machado Saraiva, username = saraiva] >>> REQUEST IMAGE IN 2015-06-14 17:27:57.416685
[name = Marciano Machado Saraiva, username = saraiva] >>> REQUEST IMAGE IN 2015-06-14 17:27:58.454558
[name = Marciano Machado Saraiva, username = saraiva] >>> REQUEST IMAGE IN 2015-06-14 17:27:59.488317
[name = Marciano Machado Saraiva, username = saraiva] >>> REQUEST IMAGE IN 2015-06-14 17:28:00.525922
[name = Marciano Machado Saraiva, username = saraiva] >>> REQUEST IMAGE IN 2015-06-14 17:28:01.564791
[name = Marciano Machado Saraiva, username = saraiva] >>> REQUEST IMAGE IN 2015-06-14 17:28:02.602649
[name = Marciano Machado Saraiva, username = saraiva] >>> REQUEST IMAGE IN 2015-06-14 17:28:03.636185
[name = Marciano Machado Saraiva, username = saraiva] >>> REQUEST IMAGE IN 2015-06-14 17:28:04.673377
[name = Marciano Machado Saraiva, username = saraiva] >>> REQUEST IMAGE IN 2015-06-14 17:28:05.708758
[name = Marciano Machado Saraiva, username = saraiva] >>> REQUEST IMAGE IN 2015-06-14 17:28:06.746164
[name = Marciano Machado Saraiva, username = saraiva] >>> REQUEST IMAGE IN 2015-06-14 17:28:07.784229
[name = Marciano Machado Saraiva, username = saraiva] >>> REQUEST IMAGE IN 2015-06-14 17:28:08.820872
[name = Marciano Machado Saraiva, username = saraiva] >>> REQUEST IMAGE IN 2015-06-14 17:32:09.581554
[name = Marciano Machado Saraiva, username = saraiva] >>> REQUEST IMAGE IN 2015-06-14 17:38:35.608342
[name = Marciano Machado Saraiva, username = saraiva] >>> REQUEST IMAGE IN 2015-06-14 17:39:03.558181
[name = Marciano Machado Saraiva, username = saraiva] >>> REQUEST IMAGE IN 2015-06-14 18:02:25.897497
[name = Marciano Machado Saraiva, username = saraiva] >>> REQUEST IMAGE IN 2015-06-14 18:18:30.267841
[name = Marciano Machado Saraiva, username = saraiva] >>> REQUEST IMAGE IN 2015-06-14 18:22:17.825253
[name = Marciano Machado Saraiva, username = saraiva] >>> REQUEST IMAGE IN 2015-06-14 18:27:03.362132
[name = Marciano Machado Saraiva, username = saraiva] >>> REQUEST IMAGE IN 2015-06-14 18:31:53.731494
[name = Marciano Machado Saraiva, username = saraiva] >>> REQUEST DISPLAY IN 2015-06-14 18:39:09.371882
[name = Marciano Machado Saraiva, username = saraiva] >>> REQUEST DISPLAY IN 2015-06-14 18:39:12.580037
[name = Marciano Machado Saraiva, username = saraiva] >>> REQUEST DISPLAY IN 2015-06-14 18:39:15.159142
[name = Marciano Machado Saraiva, username = saraiva] >>> REQUEST DISPLAY IN 2015-06-14 18:39:56.997533
[name = Marciano Machado Saraiva, username = saraiva] >>> REQUEST DISPLAY IN 2015-06-14 18:41:15.071855
[name = Marciano Machado Saraiva, username = saraiva] >>> REQUEST DISPLAY IN 2015-06-14 18:42:35.012169
[name = Marciano Machado Saraiva, username = saraiva] >>> REQUEST IMAGE IN 2015-06-14 18:42:37.917170
[name = Marciano Machado Saraiva, username = saraiva] >>> REQUEST IMAGE IN 2015-06-14 18:42:44.038838
[name = Marciano Machado Saraiva, username = saraiva] >>> REQUEST IMAGE IN 2015-06-14 18:42:44.774846
[name = Marciano Machado Saraiva, username = saraiva] >>> REQUEST IMAGE IN 2015-06-14 18:42:45.319838
[name = Marciano Machado Saraiva, username = saraiva] >>> REQUEST IMAGE IN 2015-06-14 18:42:45.683766
[name = Marciano Machado Saraiva, username = saraiva] >>> REQUEST IMAGE IN 2015-06-14 18:42:46.032817
[name = Marciano Machado Saraiva, username = saraiva] >>> REQUEST IMAGE IN 2015-06-14 18:42:46.320440
[name = Marciano Machado Saraiva, username = saraiva] >>> REQUEST IMAGE IN 2015-06-14 18:42:46.664593
[name = Marciano Machado Saraiva, username = saraiva] >>> REQUEST IMAGE IN 2015-06-14 18:42:46.927480
[name = Marciano Machado Saraiva, username = saraiva] >>> REQUEST IMAGE IN 2015-06-14 18:42:47.172425
[name = Marciano Machado Saraiva, username = saraiva] >>> REQUEST IMAGE IN 2015-06-14 18:42:47.382504
[name = Marciano Machado Saraiva, username = saraiva] >>> REQUEST IMAGE IN 2015-06-14 18:42:47.964158
[name = Marciano Machado Saraiva, username = saraiva] >>> REQUEST IMAGE IN 2015-06-14 18:42:48.213304
[name = Marciano Machado Saraiva, username = saraiva] >>> REQUEST IMAGE IN 2015-06-14 18:42:48.343632
[name = Marciano Machado Saraiva, username = saraiva] >>> REQUEST IMAGE IN 2015-06-14 18:42:48.467246
[name = Marciano Machado Saraiva, username = saraiva] >>> REQUEST IMAGE IN 2015-06-14 18:42:48.857063
[name = Marciano Machado Saraiva, username = saraiva] >>> REQUEST DISPLAY IN 2015-06-14 18:42:49.714631
[name = Marciano Machado Saraiva, username = saraiva] >>> REQUEST DISPLAY IN 2015-06-14 18:42:50.556518
[name = Marciano Machado Saraiva, username = saraiva] >>> REQUEST DISPLAY IN 2015-06-14 18:42:51.204748
[name = Marciano Machado Saraiva, username = saraiva] >>> REQUEST DISPLAY IN 2015-06-14 18:42:52.267597
[name = Marciano Machado Saraiva, username = saraiva] >>> REQUEST DISPLAY IN 2015-06-14 18:42:53.236347
[name = Marciano Machado Saraiva, username = saraiva] >>> REQUEST DISPLAY IN 2015-06-14 18:42:54.232725
[name = Marciano Machado Saraiva, username = saraiva] >>> REQUEST DISPLAY IN 2015-06-14 18:42:55.176300
[name = Marciano Machado Saraiva, username = saraiva] >>> REQUEST DISPLAY IN 2015-06-14 18:42:56.241937
[name = Marciano Machado Saraiva, username = saraiva] >>> REQUEST DISPLAY IN 2015-06-14 18:42:57.299198
[name = Marciano Machado Saraiva, username = saraiva] >>> REQUEST IMAGE IN 2015-06-14 18:42:58.332875
[name = Marciano Machado Saraiva, username = saraiva] >>> REQUEST IMAGE IN 2015-06-14 18:42:58.736828
[name = Marciano Machado Saraiva, username = saraiva] >>> REQUEST IMAGE IN 2015-06-14 18:42:58.809970
[name = Marciano Machado Saraiva, username = saraiva] >>> REQUEST IMAGE IN 2015-06-14 18:42:58.956165
[name = Marciano Machado Saraiva, username = saraiva] >>> REQUEST IMAGE IN 2015-06-14 18:42:59.461514
[name = Marciano Machado Saraiva, username = saraiva] >>> REQUEST IMAGE IN 2015-06-14 18:42:59.590097
[name = Marciano Machado Saraiva, username = saraiva] >>> REQUEST IMAGE IN 2015-06-14 18:43:00.489198
[name = Marciano Machado Saraiva, username = saraiva] >>> REQUEST IMAGE IN 2015-06-14 18:43:00.746402
[name = Marciano Machado Saraiva, username = saraiva] >>> REQUEST IMAGE IN 2015-06-14 18:43:01.002527
[name = Marciano Machado Saraiva, username = saraiva] >>> REQUEST IMAGE IN 2015-06-14 18:43:01.438656
[name = Marciano Machado Saraiva, username = saraiva] >>> REQUEST IMAGE IN 2015-06-14 18:43:01.878575
[name = Marciano Machado Saraiva, username = saraiva] >>> REQUEST IMAGE IN 2015-06-14 18:43:02.196972
[name = Marciano Machado Saraiva, username = saraiva] >>> REQUEST IMAGE IN 2015-06-14 18:43:02.575759
[name = Marciano Machado Saraiva, username = saraiva] >>> REQUEST IMAGE IN 2015-06-14 18:43:03.075927
[name = Marciano Machado Saraiva, username = saraiva] >>> REQUEST IMAGE IN 2015-06-14 18:43:03.455428
[name = Marciano Machado Saraiva, username = saraiva] >>> REQUEST IMAGE IN 2015-06-14 18:43:03.938893
[name = Marciano Machado Saraiva, username = saraiva] >>> REQUEST IMAGE IN 2015-06-14 18:43:04.349092
[name = Marciano Machado Saraiva, username = saraiva] >>> REQUEST IMAGE IN 2015-06-14 18:43:04.703071
[name = Marciano Machado Saraiva, username = saraiva] >>> REQUEST IMAGE IN 2015-06-14 18:43:05.107722
[name = Marciano Machado Saraiva, username = saraiva] >>> REQUEST IMAGE IN 2015-06-14 18:43:05.637307
[name = Marciano Machado Saraiva, username = saraiva] >>> REQUEST IMAGE IN 2015-06-14 18:43:06.198911
[name = Marciano Machado Saraiva, username = saraiva] >>> REQUEST IMAGE IN 2015-06-14 18:43:06.624007
[name = Marciano Machado Saraiva, username = saraiva] >>> REQUEST IMAGE IN 2015-06-14 18:43:07.063071
[name = Marciano Machado Saraiva, username = saraiva] >>> REQUEST IMAGE IN 2015-06-14 18:43:07.548029
[name = Marciano Machado Saraiva, username = saraiva] >>> REQUEST IMAGE IN 2015-06-14 18:43:08.033254
[name = Marciano Machado Saraiva, username = saraiva] >>> REQUEST IMAGE IN 2015-06-14 18:43:08.366908
[name = Marciano Machado Saraiva, username = saraiva] >>> REQUEST IMAGE IN 2015-06-14 18:43:08.761266
[name = Marciano Machado Saraiva, username = saraiva] >>> REQUEST IMAGE IN 2015-06-14 18:43:09.155061
[name = Marciano Machado Saraiva, username = saraiva] >>> REQUEST IMAGE IN 2015-06-14 18:43:09.503469
[name = Marciano Machado Saraiva, username = saraiva] >>> REQUEST IMAGE IN 2015-06-14 18:43:10.262714
[name = Marciano Machado Saraiva, username = saraiva] >>> REQUEST IMAGE IN 2015-06-14 18:43:10.611379
[name = Marciano Machado Saraiva, username = saraiva] >>> REQUEST IMAGE IN 2015-06-14 18:43:11.004971
[name = Marciano Machado Saraiva, username = saraiva] >>> REQUEST IMAGE IN 2015-06-14 18:43:11.415119
[name = Marciano Machado Saraiva, username = saraiva] >>> REQUEST IMAGE IN 2015-06-14 18:43:11.839054
[name = Marciano Machado Saraiva, username = saraiva] >>> REQUEST IMAGE IN 2015-06-14 18:43:12.204547
[name = Marciano Machado Saraiva, username = saraiva] >>> REQUEST IMAGE IN 2015-06-14 18:43:12.567328
[name = Marciano Machado Saraiva, username = saraiva] >>> REQUEST IMAGE IN 2015-06-14 18:43:13.007475
[name = Marciano Machado Saraiva, username = saraiva] >>> REQUEST IMAGE IN 2015-06-14 18:43:13.235531
[name = Marciano Machado Saraiva, username = saraiva] >>> REQUEST IMAGE IN 2015-06-14 18:43:13.447083
[name = Marciano Machado Saraiva, username = saraiva] >>> REQUEST IMAGE IN 2015-06-14 18:43:13.841647
[name = Marciano Machado Saraiva, username = saraiva] >>> REQUEST IMAGE IN 2015-06-14 18:43:14.084159
[name = Marciano Machado Saraiva, username = saraiva] >>> REQUEST IMAGE IN 2015-06-14 18:43:14.478808
[name = Marciano Machado Saraiva, username = saraiva] >>> REQUEST IMAGE IN 2015-06-14 18:43:14.797489
[name = Marciano Machado Saraiva, username = saraiva] >>> REQUEST IMAGE IN 2015-06-14 18:43:15.054515
[name = Marciano Machado Saraiva, username = saraiva] >>> REQUEST IMAGE IN 2015-06-14 18:43:15.357665
[name = Marciano Machado Saraiva, username = saraiva] >>> REQUEST IMAGE IN 2015-06-14 18:43:15.965106
[name = Marciano Machado Saraiva, username = saraiva] >>> REQUEST IMAGE IN 2015-06-14 18:43:16.207731
[name = Marciano Machado Saraiva, username = saraiva] >>> REQUEST IMAGE IN 2015-06-14 18:43:16.585539
[name = Marciano Machado Saraiva, username = saraiva] >>> REQUEST IMAGE IN 2015-06-14 18:43:16.975621
[name = Marciano Machado Saraiva, username = saraiva] >>> REQUEST IMAGE IN 2015-06-14 18:43:17.093743
[name = Marciano Machado Saraiva, username = saraiva] >>> REQUEST IMAGE IN 2015-06-14 18:43:17.748968
[name = Marciano Machado Saraiva, username = saraiva] >>> REQUEST IMAGE IN 2015-06-14 18:43:18.251351
[name = Marciano Machado Saraiva, username = saraiva] >>> REQUEST IMAGE IN 2015-06-14 18:43:18.512431
[name = Marciano Machado Saraiva, username = saraiva] >>> REQUEST IMAGE IN 2015-06-14 18:43:18.638083
[name = Marciano Machado Saraiva, username = saraiva] >>> REQUEST IMAGE IN 2015-06-14 18:43:18.759917
[name = Marciano Machado Saraiva, username = saraiva] >>> REQUEST IMAGE IN 2015-06-14 18:43:18.896156
[name = Marciano Machado Saraiva, username = saraiva] >>> REQUEST IMAGE IN 2015-06-14 18:43:19.657889
[name = Marciano Machado Saraiva, username = saraiva] >>> REQUEST IMAGE IN 2015-06-14 18:43:20.289776
[name = Marciano Machado Saraiva, username = saraiva] >>> REQUEST IMAGE IN 2015-06-14 18:43:20.420405
[name = Marciano Machado Saraiva, username = saraiva] >>> REQUEST IMAGE IN 2015-06-14 18:43:20.813619
[name = Marciano Machado Saraiva, username = saraiva] >>> REQUEST IMAGE IN 2015-06-14 18:43:20.938906
[name = Marciano Machado Saraiva, username = saraiva] >>> REQUEST IMAGE IN 2015-06-14 18:43:21.702020
[name = Marciano Machado Saraiva, username = saraiva] >>> REQUEST IMAGE IN 2015-06-14 18:43:22.087988
[name = Marciano Machado Saraiva, username = saraiva] >>> REQUEST DISPLAY IN 2015-06-14 18:43:23.017375
[name = Marciano Machado Saraiva, username = saraiva] >>> REQUEST DISPLAY IN 2015-06-14 18:43:23.675401
[name = Marciano Machado Saraiva, username = saraiva] >>> REQUEST DISPLAY IN 2015-06-14 18:43:24.772300
[name = Marciano Machado Saraiva, username = saraiva] >>> REQUEST DISPLAY IN 2015-06-14 18:43:25.772929
[name = Marciano Machado Saraiva, username = saraiva] >>> REQUEST DISPLAY IN 2015-06-14 18:43:26.857384
[name = Marciano Machado Saraiva, username = saraiva] >>> REQUEST DISPLAY IN 2015-06-14 18:43:28.189796
[name = Marciano Machado Saraiva, username = saraiva] >>> REQUEST DISPLAY IN 2015-06-14 18:43:28.904752
[name = Marciano Machado Saraiva, username = saraiva] >>> REQUEST AUDIO IN 2015-06-14 18:45:32.929637
[name = Marciano Machado Saraiva, username = saraiva] >>> REQUEST KEYBOARD IN 2015-06-14 18:48:05.853482
[name = Marciano Machado Saraiva, username = saraiva] >>> REQUEST IMAGE IN 2015-06-15 07:33:13.495186
[name = Marciano Machado Saraiva, username = saraiva] >>> REQUEST IMAGE IN 2015-06-15 07:34:12.407411
[name = Marciano Machado Saraiva, username = saraiva] >>> REQUEST IMAGE IN 2015-06-15 07:37:44.333237
[name = Marciano Machado Saraiva, username = saraiva] >>> REQUEST IMAGE IN 2015-06-15 07:38:02.343659
[name = Marciano Machado Saraiva, username = saraiva] >>> REQUEST IMAGE IN 2015-06-15 07:38:02.829414
[name = Marciano Machado Saraiva, username = saraiva] >>> REQUEST IMAGE IN 2015-06-15 07:41:51.801340
[name = Marciano Machado Saraiva, username = saraiva] >>> REQUEST IMAGE IN 2015-06-15 07:42:51.914124
[name = Marciano Machado Saraiva, username = saraiva] >>> REQUEST IMAGE IN 2015-06-15 07:43:30.878339
[name = Marciano Machado Saraiva, username = saraiva] >>> REQUEST DISPLAY IN 2015-06-15 07:47:36.103013
[name = Marciano Machado Saraiva, username = saraiva] >>> REQUEST DISPLAY IN 2015-06-15 07:48:07.683441
[name = Marciano Machado Saraiva, username = saraiva] >>> REQUEST DISPLAY IN 2015-06-15 07:49:36.278200
[name = Marciano Machado Saraiva, username = saraiva] >>> REQUEST IMAGE IN 2015-06-15 07:50:20.336890
[name = Marciano Machado Saraiva, username = saraiva] >>> REQUEST DISPLAY IN 2015-06-15 07:50:27.213185
[name = Marciano Machado Saraiva, username = saraiva] >>> REQUEST IMAGE IN 2015-06-15 07:57:02.289035
[name = Marciano Machado Saraiva, username = saraiva] >>> REQUEST DISPLAY IN 2015-06-15 07:57:08.886757
[name = Marciano Machado Saraiva, username = saraiva] >>> REQUEST KEYBOARD IN 2015-06-15 08:02:42.289687
[name = Marciano Machado Saraiva, username = saraiva] >>> REQUEST KEYBOARD IN 2015-06-15 08:02:58.416147
[name = Marciano Machado Saraiva, username = saraiva] >>> REQUEST KEYBOARD IN 2015-06-15 08:03:00.926954
[name = Marciano Machado Saraiva, username = saraiva] >>> REQUEST KEYBOARD IN 2015-06-15 08:04:16.497938
[name = Marciano Machado Saraiva, username = saraiva] >>> REQUEST IMAGE IN 2015-06-15 08:04:42.025387
[name = Marciano Machado Saraiva, username = saraiva] >>> REQUEST IMAGE IN 2015-06-15 08:10:05.167500
[name = Marciano Machado Saraiva, username = saraiva] >>> REQUEST KEYBOARD IN 2015-06-15 08:10:13.997735
[name = Marciano Machado Saraiva, username = saraiva] >>> REQUEST IMAGE IN 2015-06-15 11:50:28.827808
[name = Marciano Machado Saraiva, username = saraiva] >>> REQUEST AUDIO IN 2015-06-15 11:50:43.295320
[name = Marciano Machado Saraiva, username = saraiva] >>> REQUEST KEYBOARD IN 2015-06-15 11:50:58.589150
[name = Marciano Machado Saraiva, username = saraiva] >>> REQUEST KEYBOARD IN 2015-06-15 11:51:10.091740
[name = Marciano Machado Saraiva, username = saraiva] >>> REQUEST IMAGE IN 2015-06-15 18:15:14.338872
[name = Marciano Machado Saraiva, username = saraiva] >>> REQUEST KEYBOARD IN 2015-06-15 18:15:38.587999
[name = Marciano Machado Saraiva, username = saraiva] >>> REQUEST KEYBOARD IN 2015-06-15 18:15:53.521155
[name = Marciano Machado Saraiva, username = saraiva] >>> REQUEST KEYBOARD IN 2015-06-15 18:15:55.988971
[name = Marciano Machado Saraiva, username = saraiva] >>> REQUEST KEYBOARD IN 2015-06-15 18:15:57.861326
[name = Marciano Machado Saraiva, username = saraiva] >>> REQUEST KEYBOARD IN 2015-06-15 18:16:08.184917
[name = Marciano Machado Saraiva, username = saraiva] >>> REQUEST KEYBOARD IN 2015-06-15 18:16:08.334175
[name = Marciano Machado Saraiva, username = saraiva] >>> REQUEST KEYBOARD IN 2015-06-15 18:16:09.915061
[name = Marciano Machado Saraiva, username = saraiva] >>> REQUEST KEYBOARD IN 2015-06-15 18:16:12.141336
[name = Marciano Machado Saraiva, username = saraiva] >>> REQUEST KEYBOARD IN 2015-06-15 18:16:14.794465
[name = Marciano Machado Saraiva, username = saraiva] >>> REQUEST KEYBOARD IN 2015-06-15 18:16:15.011792
[name = Marciano Machado Saraiva, username = saraiva] >>> REQUEST AUDIO IN 2015-06-15 18:16:26.062758
[name = Marciano Machado Saraiva, username = saraiva] >>> REQUEST IMAGE IN 2015-06-16 09:51:09.832355
[name = Marciano Machado Saraiva, username = saraiva] >>> REQUEST DISPLAY IN 2015-06-16 09:51:15.142688
[name = Marciano Machado Saraiva, username = saraiva] >>> REQUEST KEYBOARD IN 2015-06-16 09:51:27.538023
[name = Marciano Machado Saraiva, username = saraiva] >>> REQUEST KEYBOARD IN 2015-06-16 09:51:32.206416
[name = Marciano Machado Saraiva, username = saraiva] >>> REQUEST AUDIO IN 2015-06-16 09:52:17.551518
[name = Marciano Machado Saraiva, username = saraiva] >>> REQUEST AUDIO IN 2015-06-16 09:52:30.050444
[name = Marciano Machado Saraiva, username = saraiva] >>> REQUEST AUDIO IN 2015-06-16 09:52:30.377914
[name = Marciano Machado Saraiva, username = saraiva] >>> REQUEST IMAGE IN 2015-06-16 09:53:21.195158
[name = Marciano Machado Saraiva, username = saraiva] >>> REQUEST AUDIO IN 2015-06-16 09:53:23.084390
[name = Marciano Machado Saraiva, username = saraiva] >>> REQUEST AUDIO IN 2015-06-16 09:54:07.539056
[name = Marciano Machado Saraiva, username = saraiva] >>> REQUEST KEYBOARD IN 2015-06-16 09:54:27.793632
[name = Marciano Machado Saraiva, username = saraiva] >>> REQUEST KEYBOARD IN 2015-06-16 09:54:30.934078
[name = Marciano Machado Saraiva, username = saraiva] >>> REQUEST KEYBOARD IN 2015-06-16 09:54:32.705891
[name = Marciano Machado Saraiva, username = saraiva] >>> REQUEST KEYBOARD IN 2015-06-16 10:06:11.924105
[name = Marciano Machado Saraiva, username = saraiva] >>> REQUEST KEYBOARD IN 2015-06-16 10:07:49.438602
[name = Marciano Machado Saraiva, username = saraiva] >>> REQUEST KEYBOARD IN 2015-06-16 10:08:14.827796
[name = Marciano Machado Saraiva, username = saraiva] >>> REQUEST KEYBOARD IN 2015-06-16 10:09:30.302674
[name = Marciano Machado Saraiva, username = saraiva] >>> REQUEST IMAGE IN 2015-06-16 10:09:41.648215
[name = Marciano Machado Saraiva, username = saraiva] >>> REQUEST DISPLAY IN 2015-06-16 10:09:49.115599
[name = Marciano Machado Saraiva, username = saraiva] >>> REQUEST IMAGE IN 2015-06-16 10:15:18.926645
[name = Marciano Machado Saraiva, username = saraiva] >>> REQUEST KEYBOARD IN 2015-06-16 10:15:25.353650
[name = Marciano Machado Saraiva, username = saraiva] >>> REQUEST DISPLAY IN 2015-06-16 10:15:31.841955
[name = Marciano Machado Saraiva, username = saraiva] >>> REQUEST AUDIO IN 2015-06-16 10:15:52.974873
[name = Marciano Machado Saraiva, username = saraiva] >>> REQUEST AUDIO IN 2015-06-16 10:16:24.316200
[name = Marciano Machado Saraiva, username = saraiva] >>> REQUEST DISPLAY IN 2015-06-16 10:17:12.671540
[name = Marciano Machado Saraiva, username = saraiva] >>> REQUEST AUDIO IN 2015-06-16 10:18:51.924079
[name = Marciano Machado Saraiva, username = saraiva] >>> REQUEST AUDIO IN 2015-06-16 10:20:12.015800
[name = Marciano Machado Saraiva, username = saraiva] >>> REQUEST AUDIO IN 2015-06-16 10:20:59.362827
[name = Marciano Machado Saraiva, username = saraiva] >>> REQUEST AUDIO IN 2015-06-16 10:21:31.476716
[name = Marciano Machado Saraiva, username = saraiva] >>> REQUEST AUDIO IN 2015-06-16 10:22:42.226962
[name = Marciano Machado Saraiva, username = saraiva] >>> REQUEST AUDIO IN 2015-06-16 10:23:40.988336
[name = Marciano Machado Saraiva, username = saraiva] >>> REQUEST AUDIO IN 2015-06-16 10:24:59.513352
[name = Marciano Machado Saraiva, username = saraiva] >>> REQUEST AUDIO IN 2015-06-16 10:26:46.167386
[name = Marciano Machado Saraiva, username = saraiva] >>> REQUEST AUDIO IN 2015-06-16 10:31:29.402344
[name = Marciano Machado Saraiva, username = saraiva] >>> REQUEST AUDIO IN 2015-06-16 10:31:31.111674
[name = Marciano Machado Saraiva, username = saraiva] >>> REQUEST AUDIO IN 2015-06-16 10:31:37.622814
[name = Marciano Machado Saraiva, username = saraiva] >>> REQUEST AUDIO IN 2015-06-16 10:31:39.273280
[name = Marciano Machado Saraiva, username = saraiva] >>> REQUEST AUDIO IN 2015-06-16 10:31:42.176573
[name = Marciano Machado Saraiva, username = saraiva] >>> REQUEST AUDIO IN 2015-06-16 10:31:48.887946
[name = Marciano Machado Saraiva, username = saraiva] >>> REQUEST AUDIO IN 2015-06-16 10:31:50.724798
[name = Marciano Machado Saraiva, username = saraiva] >>> REQUEST AUDIO IN 2015-06-16 10:32:14.375610
[name = Marciano Machado Saraiva, username = saraiva] >>> REQUEST AUDIO IN 2015-06-16 10:32:15.813739
[name = Marciano Machado Saraiva, username = saraiva] >>> REQUEST AUDIO IN 2015-06-16 10:32:19.155970
[name = Marciano Machado Saraiva, username = saraiva] >>> REQUEST AUDIO IN 2015-06-16 10:32:20.490315
[name = Marciano Machado Saraiva, username = saraiva] >>> REQUEST AUDIO IN 2015-06-16 10:32:23.473398
[name = Marciano Machado Saraiva, username = saraiva] >>> REQUEST AUDIO IN 2015-06-16 10:32:27.132579
[name = Marciano Machado Saraiva, username = saraiva] >>> REQUEST AUDIO IN 2015-06-16 10:32:29.072417
[name = Marciano Machado Saraiva, username = saraiva] >>> REQUEST AUDIO IN 2015-06-16 10:32:30.468479
[name = Marciano Machado Saraiva, username = saraiva] >>> REQUEST AUDIO IN 2015-06-16 10:32:31.750635
[name = Marciano Machado Saraiva, username = saraiva] >>> REQUEST AUDIO IN 2015-06-16 10:32:33.297237
[name = Marciano Machado Saraiva, username = saraiva] >>> REQUEST AUDIO IN 2015-06-16 10:32:35.958031
[name = Marciano Machado Saraiva, username = saraiva] >>> REQUEST AUDIO IN 2015-06-16 10:32:37.425865
[name = Marciano Machado Saraiva, username = saraiva] >>> REQUEST AUDIO IN 2015-06-16 10:32:39.064254
[name = Marciano Machado Saraiva, username = saraiva] >>> REQUEST AUDIO IN 2015-06-16 10:32:40.582747
[name = Marciano Machado Saraiva, username = saraiva] >>> REQUEST AUDIO IN 2015-06-16 10:32:41.964442
[name = Marciano Machado Saraiva, username = saraiva] >>> REQUEST AUDIO IN 2015-06-16 10:32:43.503508
[name = Marciano Machado Saraiva, username = saraiva] >>> REQUEST AUDIO IN 2015-06-16 10:32:45.892628
[name = Marciano Machado Saraiva, username = saraiva] >>> REQUEST AUDIO IN 2015-06-16 10:32:47.664759
[name = Marciano Machado Saraiva, username = saraiva] >>> REQUEST AUDIO IN 2015-06-16 10:46:14.903865
[name = Marciano Machado Saraiva, username = saraiva] >>> REQUEST AUDIO IN 2015-06-16 10:46:16.947365
[name = Marciano Machado Saraiva, username = saraiva] >>> REQUEST AUDIO IN 2015-06-16 10:46:21.379286
[name = Marciano Machado Saraiva, username = saraiva] >>> REQUEST AUDIO IN 2015-06-16 10:46:24.173095
[name = Marciano Machado Saraiva, username = saraiva] >>> REQUEST AUDIO IN 2015-06-16 10:46:26.461018
[name = Marciano Machado Saraiva, username = saraiva] >>> REQUEST AUDIO IN 2015-06-16 10:46:31.302702
[name = Marciano Machado Saraiva, username = saraiva] >>> REQUEST AUDIO IN 2015-06-16 10:46:34.451207
[name = Marciano Machado Saraiva, username = saraiva] >>> REQUEST AUDIO IN 2015-06-16 10:46:37.912860
[name = Marciano Machado Saraiva, username = saraiva] >>> REQUEST AUDIO IN 2015-06-16 10:46:40.888287
[name = Marciano Machado Saraiva, username = saraiva] >>> REQUEST AUDIO IN 2015-06-16 10:46:42.631723
[name = Marciano Machado Saraiva, username = saraiva] >>> REQUEST AUDIO IN 2015-06-16 10:46:44.970371
[name = Marciano Machado Saraiva, username = saraiva] >>> REQUEST AUDIO IN 2015-06-16 10:46:48.614572
[name = Marciano Machado Saraiva, username = saraiva] >>> REQUEST AUDIO IN 2015-06-16 10:46:50.757220
[name = Marciano Machado Saraiva, username = saraiva] >>> REQUEST AUDIO IN 2015-06-16 10:46:53.769346
[name = Marciano Machado Saraiva, username = saraiva] >>> REQUEST AUDIO IN 2015-06-16 10:46:56.287990
[name = Marciano Machado Saraiva, username = saraiva] >>> REQUEST AUDIO IN 2015-06-16 10:46:59.120613
[name = Marciano Machado Saraiva, username = saraiva] >>> REQUEST AUDIO IN 2015-06-16 10:47:02.523031
[name = Marciano Machado Saraiva, username = saraiva] >>> REQUEST AUDIO IN 2015-06-16 10:47:03.972055
[name = Marciano Machado Saraiva, username = saraiva] >>> REQUEST AUDIO IN 2015-06-16 10:47:05.548784
[name = Marciano Machado Saraiva, username = saraiva] >>> REQUEST AUDIO IN 2015-06-16 10:47:08.727737
[name = Marciano Machado Saraiva, username = saraiva] >>> REQUEST AUDIO IN 2015-06-16 10:47:10.709960
[name = Marciano Machado Saraiva, username = saraiva] >>> REQUEST AUDIO IN 2015-06-16 10:47:14.283209
[name = Marciano Machado Saraiva, username = saraiva] >>> REQUEST AUDIO IN 2015-06-16 10:47:16.717132
[name = Marciano Machado Saraiva, username = saraiva] >>> REQUEST AUDIO IN 2015-06-16 10:47:18.161821
[name = Marciano Machado Saraiva, username = saraiva] >>> REQUEST AUDIO IN 2015-06-16 10:47:19.944684
[name = Marciano Machado Saraiva, username = saraiva] >>> REQUEST AUDIO IN 2015-06-16 10:47:21.814373
[name = Marciano Machado Saraiva, username = saraiva] >>> REQUEST AUDIO IN 2015-06-16 10:47:23.401922
[name = Marciano Machado Saraiva, username = saraiva] >>> REQUEST AUDIO IN 2015-06-16 10:47:26.000722
[name = Marciano Machado Saraiva, username = saraiva] >>> REQUEST AUDIO IN 2015-06-16 10:48:02.993882
[name = Marciano Machado Saraiva, username = saraiva] >>> REQUEST AUDIO IN 2015-06-16 10:48:04.383081
[name = Marciano Machado Saraiva, username = saraiva] >>> REQUEST AUDIO IN 2015-06-16 10:48:05.815522
[name = Marciano Machado Saraiva, username = saraiva] >>> REQUEST AUDIO IN 2015-06-16 10:48:07.137079
[name = Marciano Machado Saraiva, username = saraiva] >>> REQUEST AUDIO IN 2015-06-16 10:48:08.577933
[name = Marciano Machado Saraiva, username = saraiva] >>> REQUEST AUDIO IN 2015-06-16 10:48:09.887434
[name = Marciano Machado Saraiva, username = saraiva] >>> REQUEST AUDIO IN 2015-06-16 10:48:11.242678
[name = Marciano Machado Saraiva, username = saraiva] >>> REQUEST AUDIO IN 2015-06-16 10:48:12.552255
[name = Marciano Machado Saraiva, username = saraiva] >>> REQUEST AUDIO IN 2015-06-16 10:48:14.047972
[name = Marciano Machado Saraiva, username = saraiva] >>> REQUEST AUDIO IN 2015-06-16 10:48:40.031344
[name = Marciano Machado Saraiva, username = saraiva] >>> REQUEST AUDIO IN 2015-06-16 10:48:45.496657
[name = Marciano Machado Saraiva, username = saraiva] >>> REQUEST AUDIO IN 2015-06-16 10:48:53.983558
[name = Marciano Machado Saraiva, username = saraiva] >>> REQUEST AUDIO IN 2015-06-16 10:48:59.370286
[name = Marciano Machado Saraiva, username = saraiva] >>> REQUEST AUDIO IN 2015-06-16 10:49:01.970045
[name = Marciano Machado Saraiva, username = saraiva] >>> REQUEST AUDIO IN 2015-06-16 10:49:54.230393
[name = Marciano Machado Saraiva, username = saraiva] >>> REQUEST AUDIO IN 2015-06-16 10:49:54.962038
[name = Marciano Machado Saraiva, username = saraiva] >>> REQUEST AUDIO IN 2015-06-16 10:49:56.413173
[name = Marciano Machado Saraiva, username = saraiva] >>> REQUEST AUDIO IN 2015-06-16 10:49:58.458822
[name = Marciano Machado Saraiva, username = saraiva] >>> REQUEST AUDIO IN 2015-06-16 10:50:00.195158
[name = Marciano Machado Saraiva, username = saraiva] >>> REQUEST AUDIO IN 2015-06-16 10:50:00.638689
[name = Marciano Machado Saraiva, username = saraiva] >>> REQUEST AUDIO IN 2015-06-16 10:50:01.766003
[name = Marciano Machado Saraiva, username = saraiva] >>> REQUEST AUDIO IN 2015-06-16 10:50:02.942510
[name = Marciano Machado Saraiva, username = saraiva] >>> REQUEST AUDIO IN 2015-06-16 10:50:04.015568
[name = Marciano Machado Saraiva, username = saraiva] >>> REQUEST AUDIO IN 2015-06-16 10:50:05.083606
[name = Marciano Machado Saraiva, username = saraiva] >>> REQUEST AUDIO IN 2015-06-16 10:50:06.459058
[name = Marciano Machado Saraiva, username = saraiva] >>> REQUEST AUDIO IN 2015-06-16 10:50:08.459574
[name = Marciano Machado Saraiva, username = saraiva] >>> REQUEST AUDIO IN 2015-06-16 10:53:33.042559
[name = Marciano Machado Saraiva, username = saraiva] >>> REQUEST AUDIO IN 2015-06-16 10:53:39.877487
[name = Marciano Machado Saraiva, username = saraiva] >>> REQUEST AUDIO IN 2015-06-16 10:53:49.237544
[name = Marciano Machado Saraiva, username = saraiva] >>> REQUEST AUDIO IN 2015-06-16 10:53:50.678178
[name = Marciano Machado Saraiva, username = saraiva] >>> REQUEST AUDIO IN 2015-06-16 10:53:52.315226
[name = Marciano Machado Saraiva, username = saraiva] >>> REQUEST AUDIO IN 2015-06-16 10:53:55.104487
[name = Marciano Machado Saraiva, username = saraiva] >>> REQUEST AUDIO IN 2015-06-16 10:53:58.446851
[name = Marciano Machado Saraiva, username = saraiva] >>> REQUEST AUDIO IN 2015-06-16 10:54:53.399899
[name = Marciano Machado Saraiva, username = saraiva] >>> REQUEST AUDIO IN 2015-06-16 10:54:53.827371
[name = Marciano Machado Saraiva, username = saraiva] >>> REQUEST AUDIO IN 2015-06-16 10:54:56.969256
[name = Marciano Machado Saraiva, username = saraiva] >>> REQUEST AUDIO IN 2015-06-16 10:54:59.973079
[name = Marciano Machado Saraiva, username = saraiva] >>> REQUEST AUDIO IN 2015-06-16 10:55:03.125098
[name = Marciano Machado Saraiva, username = saraiva] >>> REQUEST AUDIO IN 2015-06-16 10:55:06.273757
[name = Marciano Machado Saraiva, username = saraiva] >>> REQUEST AUDIO IN 2015-06-16 10:55:09.413954
[name = Marciano Machado Saraiva, username = saraiva] >>> REQUEST AUDIO IN 2015-06-16 10:55:12.564554
[name = Marciano Machado Saraiva, username = saraiva] >>> REQUEST AUDIO IN 2015-06-16 10:55:15.727447
[name = Marciano Machado Saraiva, username = saraiva] >>> REQUEST AUDIO IN 2015-06-16 10:55:20.039363
[name = Marciano Machado Saraiva, username = saraiva] >>> REQUEST AUDIO IN 2015-06-16 10:55:25.084771
[name = Marciano Machado Saraiva, username = saraiva] >>> REQUEST AUDIO IN 2015-06-16 10:55:28.451088
[name = Marciano Machado Saraiva, username = saraiva] >>> REQUEST AUDIO IN 2015-06-16 10:55:31.539517
[name = Marciano Machado Saraiva, username = saraiva] >>> REQUEST AUDIO IN 2015-06-16 10:55:34.628539
[name = Marciano Machado Saraiva, username = saraiva] >>> REQUEST AUDIO IN 2015-06-16 11:11:54.615819
[name = Marciano Machado Saraiva, username = saraiva] >>> REQUEST AUDIO IN 2015-06-16 11:13:19.301978
[name = Marciano Machado Saraiva, username = saraiva] >>> REQUEST AUDIO IN 2015-06-16 11:23:32.449100
[name = Marciano Machado Saraiva, username = saraiva] >>> REQUEST AUDIO IN 2015-06-16 11:24:50.104784
[name = Marciano Machado Saraiva, username = saraiva] >>> REQUEST AUDIO IN 2015-06-16 11:26:07.411207
[name = Marciano Machado Saraiva, username = saraiva] >>> REQUEST AUDIO IN 2015-06-16 11:32:24.907479
[name = Marciano Machado Saraiva, username = saraiva] >>> REQUEST AUDIO IN 2015-06-16 11:32:42.152108
[name = Marciano Machado Saraiva, username = saraiva] >>> REQUEST AUDIO IN 2015-06-16 11:32:52.226226
[name = Marciano Machado Saraiva, username = saraiva] >>> REQUEST AUDIO IN 2015-06-16 11:36:59.422482
[name = Marciano Machado Saraiva, username = saraiva] >>> REQUEST AUDIO IN 2015-06-16 11:39:36.797969
[name = Marciano Machado Saraiva, username = saraiva] >>> REQUEST IMAGE IN 2015-06-16 11:40:06.269562
[name = Marciano Machado Saraiva, username = saraiva] >>> REQUEST DISPLAY IN 2015-06-16 11:40:15.215143
[name = Marciano Machado Saraiva, username = saraiva] >>> REQUEST IMAGE IN 2015-06-16 14:22:44.357310
[name = Marciano Machado Saraiva, username = saraiva] >>> REQUEST IMAGE IN 2015-06-16 14:58:25.565423
[name = Marciano Machado Saraiva, username = saraiva] >>> REQUEST KEYBOARD IN 2015-06-16 14:58:29.983952
[name = Marciano Machado Saraiva, username = saraiva] >>> REQUEST DISPLAY IN 2015-06-16 14:58:37.928214
[name = Marciano Machado Saraiva, username = saraiva] >>> REQUEST AUDIO IN 2015-06-16 14:58:54.706484
[name = Marciano Machado Saraiva, username = saraiva] >>> REQUEST AUDIO IN 2015-06-16 14:59:30.161712
[name = Marciano Machado Saraiva, username = saraiva] >>> REQUEST IMAGE IN 2015-06-16 15:05:51.105716
[name = Marciano Machado Saraiva, username = saraiva] >>> REQUEST DISPLAY IN 2015-06-16 15:05:53.840828
[name = Marciano Machado Saraiva, username = saraiva] >>> REQUEST KEYBOARD IN 2015-06-16 15:06:02.399809
[name = Marciano Machado Saraiva, username = saraiva] >>> REQUEST IMAGE IN 2015-06-17 06:52:48.949042
[name = Marciano Machado Saraiva, username = saraiva] >>> REQUEST KEYBOARD IN 2015-06-17 06:52:56.301863
[name = Marciano Machado Saraiva, username = saraiva] >>> REQUEST AUDIO IN 2015-06-17 06:53:46.303499
[name = Marciano Machado Saraiva, username = saraiva] >>> REQUEST AUDIO IN 2015-06-17 06:54:33.529121
[name = Marciano Machado Saraiva, username = saraiva] >>> REQUEST IMAGE IN 2015-06-17 08:27:13.966299
[name = Marciano Machado Saraiva, username = saraiva] >>> REQUEST DISPLAY IN 2015-06-17 08:27:22.391080
[name = Marciano Machado Saraiva, username = saraiva] >>> REQUEST KEYBOARD IN 2015-06-17 08:27:34.550608
[name = Marciano Machado Saraiva, username = saraiva] >>> REQUEST KEYBOARD IN 2015-06-17 08:27:44.216941
[name = Marciano Machado Saraiva, username = saraiva] >>> REQUEST KEYBOARD IN 2015-06-17 08:27:45.420666
[name = Marciano Machado Saraiva, username = saraiva] >>> REQUEST KEYBOARD IN 2015-06-17 08:27:47.261534
[name = Marciano Machado Saraiva, username = saraiva] >>> REQUEST KEYBOARD IN 2015-06-17 08:27:48.236673
[name = Marciano Machado Saraiva, username = saraiva] >>> REQUEST AUDIO IN 2015-06-17 08:28:38.183035
[name = Marciano Machado Saraiva, username = saraiva] >>> REQUEST AUDIO IN 2015-06-17 08:33:17.358529
[name = Marciano Machado Saraiva, username = saraiva] >>> REQUEST KEYBOARD IN 2015-06-17 08:34:08.312185
[name = Marciano Machado Saraiva, username = saraiva] >>> REQUEST IMAGE IN 2015-06-17 08:34:36.287865
[name = Marciano Machado Saraiva, username = saraiva] >>> REQUEST IMAGE IN 2015-06-17 09:05:10.593866
[name = Marciano Machado Saraiva, username = saraiva] >>> REQUEST KEYBOARD IN 2015-06-17 09:05:20.402732
[name = Marciano Machado Saraiva, username = saraiva] >>> REQUEST AUDIO IN 2015-06-17 09:05:30.181063
[name = Marciano Machado Saraiva, username = saraiva] >>> REQUEST DISPLAY IN 2015-06-17 09:05:47.910425
[name = Marciano Machado Saraiva, username = saraiva] >>> REQUEST IMAGE IN 2015-06-18 00:50:06.170274
[name = Marciano Machado Saraiva, username = saraiva] >>> REQUEST IMAGE IN 2015-06-18 01:26:53.222397
[name = Marciano Machado Saraiva, username = saraiva] >>> REQUEST IMAGE IN 2015-06-18 14:24:01.620867
[name = Marciano Machado Saraiva, username = saraiva] >>> REQUEST IMAGE IN 2015-06-18 14:24:01.715972
[name = Marciano Machado Saraiva, username = saraiva] >>> REQUEST IMAGE IN 2015-06-18 14:24:01.835378
[name = Marciano Machado Saraiva, username = saraiva] >>> REQUEST IMAGE IN 2015-06-18 14:24:01.836128
[name = Marciano Machado Saraiva, username = saraiva] >>> REQUEST IMAGE IN 2015-06-18 14:24:01.840312
[name = Marciano Machado Saraiva, username = saraiva] >>> REQUEST IMAGE IN 2015-06-18 14:24:01.838437
[name = Marciano Machado Saraiva, username = saraiva] >>> REQUEST IMAGE IN 2015-06-18 14:24:01.715399
[name = Marciano Machado Saraiva, username = saraiva] >>> REQUEST DISPLAY IN 2015-06-18 14:24:04.260457
[name = Marciano Machado Saraiva, username = saraiva] >>> REQUEST AUDIO IN 2015-06-18 14:24:05.092345
[name = Marciano Machado Saraiva, username = saraiva] >>> REQUEST DISPLAY IN 2015-06-18 14:24:06.488849
[name = Marciano Machado Saraiva, username = saraiva] >>> REQUEST DISPLAY IN 2015-06-18 14:24:06.877778
[name = Marciano Machado Saraiva, username = saraiva] >>> REQUEST KEYBOARD IN 2015-06-18 14:24:08.036215
[name = Marciano Machado Saraiva, username = saraiva] >>> REQUEST IMAGE IN 2015-06-18 14:25:52.026280
[name = Marciano Machado Saraiva, username = saraiva] >>> REQUEST KEYBOARD IN 2015-06-18 14:26:05.331458
[name = Marciano Machado Saraiva, username = saraiva] >>> REQUEST AUDIO IN 2015-06-18 14:26:29.478383
[name = Marciano Machado Saraiva, username = saraiva] >>> REQUEST DISPLAY IN 2015-06-18 14:27:08.089334
[name = Marciano Machado Saraiva, username = saraiva] >>> REQUEST IMAGE IN 2015-06-18 15:42:52.055588
[name = Marciano Machado Saraiva, username = saraiva] >>> REQUEST IMAGE IN 2015-06-18 16:42:31.301370
[name = Marciano Machado Saraiva, username = saraiva] >>> REQUEST IMAGE IN 2015-06-18 16:43:12.957714
[name = Marciano Machado Saraiva, username = saraiva] >>> REQUEST IMAGE IN 2015-06-18 16:46:41.626656
[name = Marciano Machado Saraiva, username = saraiva] >>> REQUEST KEYBOARD IN 2015-06-18 16:46:46.623750
[name = Marciano Machado Saraiva, username = saraiva] >>> REQUEST AUDIO IN 2015-06-18 16:47:02.629608
[name = Marciano Machado Saraiva, username = saraiva] >>> REQUEST AUDIO IN 2015-06-18 16:47:07.590037
[name = Marciano Machado Saraiva, username = saraiva] >>> REQUEST DISPLAY IN 2015-06-18 16:47:35.883375
[name = Marciano Machado Saraiva, username = saraiva] >>> REQUEST IMAGE IN 2015-06-18 18:15:29.796271
[name = Marciano Machado Saraiva, username = saraiva] >>> REQUEST AUDIO IN 2015-06-19 10:06:53.475810
[name = Marciano Machado Saraiva, username = saraiva] >>> REQUEST AUDIO IN 2015-06-19 10:09:03.506720
[name = Marciano Machado Saraiva, username = saraiva] >>> REQUEST IMAGE IN 2015-06-19 10:11:27.876898
[name = Marciano Machado Saraiva, username = saraiva] >>> REQUEST AUDIO IN 2015-06-19 10:11:34.122448
[name = Marciano Machado Saraiva, username = saraiva] >>> REQUEST AUDIO IN 2015-06-19 10:11:50.076091
[name = Marciano Machado Saraiva, username = saraiva] >>> REQUEST AUDIO IN 2015-06-19 10:13:42.211853
